{"label":"TEMPORAL_PROJECT","level":"info","message":"TEMPORAL_PROJECT is running on PORT 8081","timestamp":"2022-08-15T11:50:25.098Z"}
{"label":"TEMPORAL_PROJECT","level":"error","message":"ApiError - 404 - Oops, You have reached a dead end - /api/v1/ - GET - ::1","timestamp":"2022-08-15T11:50:47.580Z"}
{"label":"TEMPORAL_PROJECT","level":"info","message":"::1 - - [15/Aug/2022:11:50:47 +0000] \"GET /api/v1/ HTTP/1.1\" 404 63 \"-\" \"PostmanRuntime/7.29.2\"\n","timestamp":"2022-08-15T11:50:47.586Z"}
{"label":"TEMPORAL_PROJECT","level":"info","message":"TEMPORAL_PROJECT is running on PORT 8081","timestamp":"2022-08-15T11:52:49.562Z"}
{"label":"TEMPORAL_PROJECT","level":"info","message":"TEMPORAL_PROJECT is running on PORT 8081","timestamp":"2022-08-15T11:52:56.246Z"}
{"label":"TEMPORAL_PROJECT","level":"error","message":"ApiError - 404 - Oops, You have reached a dead end - /api/v1/ - GET - ::1","timestamp":"2022-08-15T11:53:02.402Z"}
{"label":"TEMPORAL_PROJECT","level":"info","message":"::1 - - [15/Aug/2022:11:53:02 +0000] \"GET /api/v1/ HTTP/1.1\" 404 63 \"-\" \"PostmanRuntime/7.29.2\"\n","timestamp":"2022-08-15T11:53:02.428Z"}
{"label":"TEMPORAL_PROJECT","level":"info","message":"TEMPORAL_PROJECT is running on PORT 8081","timestamp":"2022-08-15T11:54:15.839Z"}
{"label":"TEMPORAL_PROJECT","level":"error","message":"ApiError - 404 - Oops, You have reached a dead end - /api/v1/ - GET - ::1","timestamp":"2022-08-15T11:54:17.278Z"}
{"label":"TEMPORAL_PROJECT","level":"info","message":"::1 - - [15/Aug/2022:11:54:17 +0000] \"GET /api/v1/ HTTP/1.1\" 404 63 \"-\" \"PostmanRuntime/7.29.2\"\n","timestamp":"2022-08-15T11:54:17.285Z"}
{"label":"TEMPORAL_PROJECT","level":"info","message":"::1 - - [15/Aug/2022:11:55:08 +0000] \"GET /api/v1/auth HTTP/1.1\" 200 12 \"-\" \"PostmanRuntime/7.29.2\"\n","timestamp":"2022-08-15T11:55:08.025Z"}
{"label":"TEMPORAL_PROJECT","level":"info","message":"TEMPORAL_PROJECT is running on PORT 8081","timestamp":"2022-08-15T11:56:24.350Z"}
{"label":"TEMPORAL_PROJECT","level":"info","message":"TEMPORAL_PROJECT is running on PORT 8081","timestamp":"2022-08-15T11:56:41.978Z"}
{"label":"TEMPORAL_PROJECT","level":"info","message":"::1 - - [15/Aug/2022:11:57:17 +0000] \"GET /api/v1/auth HTTP/1.1\" 200 12 \"-\" \"PostmanRuntime/7.29.2\"\n","timestamp":"2022-08-15T11:57:17.110Z"}
{"label":"TEMPORAL_PROJECT","level":"info","message":"TEMPORAL_PROJECT is running on PORT 8081","timestamp":"2022-08-15T11:57:42.514Z"}
{"label":"TEMPORAL_PROJECT","level":"info","message":"::1 - - [15/Aug/2022:11:57:50 +0000] \"GET /api/v1/user HTTP/1.1\" 200 29 \"-\" \"PostmanRuntime/7.29.2\"\n","timestamp":"2022-08-15T11:57:50.914Z"}
{"label":"TEMPORAL_PROJECT","level":"info","message":"TEMPORAL_PROJECT is running on PORT 8081","timestamp":"2022-08-15T12:23:08.349Z"}
{"label":"TEMPORAL_PROJECT","level":"info","message":"::1 - - [15/Aug/2022:12:23:12 +0000] \"GET /api/v1/user HTTP/1.1\" 200 29 \"-\" \"PostmanRuntime/7.29.2\"\n","timestamp":"2022-08-15T12:23:12.738Z"}
{"label":"TEMPORAL_PROJECT","level":"info","message":"TEMPORAL_PROJECT is running on PORT 8081","timestamp":"2022-08-15T12:23:25.807Z"}
{"label":"TEMPORAL_PROJECT","level":"info","message":"TEMPORAL_PROJECT is running on PORT 8081","timestamp":"2022-08-15T13:45:43.572Z"}
{"label":"TEMPORAL_PROJECT","level":"error","message":"ApiError - 400 - \"firstName\" is required - /api/v1/user-signup - POST - ::1","timestamp":"2022-08-15T13:46:58.050Z"}
{"label":"TEMPORAL_PROJECT","level":"info","message":"::1 - - [15/Aug/2022:13:46:58 +0000] \"POST /api/v1/user-signup HTTP/1.1\" 400 55 \"-\" \"PostmanRuntime/7.29.2\"\n","timestamp":"2022-08-15T13:46:58.155Z"}
{"label":"TEMPORAL_PROJECT","level":"error","message":"ApiError - 400 - \"email\" is required - /api/v1/user-signup - POST - ::1","timestamp":"2022-08-15T13:47:08.961Z"}
{"label":"TEMPORAL_PROJECT","level":"info","message":"::1 - - [15/Aug/2022:13:47:08 +0000] \"POST /api/v1/user-signup HTTP/1.1\" 400 51 \"-\" \"PostmanRuntime/7.29.2\"\n","timestamp":"2022-08-15T13:47:08.963Z"}
{"label":"TEMPORAL_PROJECT","level":"info","message":"TEMPORAL_PROJECT is running on PORT 8081","timestamp":"2022-08-15T13:48:14.053Z"}
{"label":"TEMPORAL_PROJECT","level":"error","message":"ApiError - 400 - \"phoneNumber\" is not allowed - /api/v1/user-signup - POST - ::1","timestamp":"2022-08-15T13:48:23.082Z"}
{"label":"TEMPORAL_PROJECT","level":"info","message":"::1 - - [15/Aug/2022:13:48:23 +0000] \"POST /api/v1/user-signup HTTP/1.1\" 400 60 \"-\" \"PostmanRuntime/7.29.2\"\n","timestamp":"2022-08-15T13:48:23.089Z"}
{"label":"TEMPORAL_PROJECT","level":"info","message":"TEMPORAL_PROJECT is running on PORT 8081","timestamp":"2022-08-15T13:51:22.069Z"}
{"label":"TEMPORAL_PROJECT","level":"info","message":"::1 - - [15/Aug/2022:13:51:31 +0000] \"POST /api/v1/user-signup HTTP/1.1\" 201 353 \"-\" \"PostmanRuntime/7.29.2\"\n","timestamp":"2022-08-15T13:51:31.051Z"}
{"label":"TEMPORAL_PROJECT","level":"info","message":"TEMPORAL_PROJECT is running on PORT 8081","timestamp":"2022-08-15T14:46:19.563Z"}
{"label":"TEMPORAL_PROJECT","level":"info","message":"::1 - - [15/Aug/2022:14:46:23 +0000] \"POST /api/v1/user-signup HTTP/1.1\" 201 353 \"-\" \"PostmanRuntime/7.29.2\"\n","timestamp":"2022-08-15T14:46:23.173Z"}
{"label":"TEMPORAL_PROJECT","level":"info","message":"TEMPORAL_PROJECT is running on PORT 8081","timestamp":"2022-08-15T15:47:47.097Z"}
{"label":"TEMPORAL_PROJECT","level":"info","message":"::1 - - [15/Aug/2022:15:47:55 +0000] \"POST /api/v1/user-signup HTTP/1.1\" 400 96 \"-\" \"PostmanRuntime/7.29.2\"\n","timestamp":"2022-08-15T15:47:55.362Z"}
{"label":"TEMPORAL_PROJECT","level":"info","message":"::1 - - [15/Aug/2022:15:48:04 +0000] \"POST /api/v1/user-signup HTTP/1.1\" 400 96 \"-\" \"PostmanRuntime/7.29.2\"\n","timestamp":"2022-08-15T15:48:04.041Z"}
{"label":"TEMPORAL_PROJECT","level":"info","message":"::1 - - [15/Aug/2022:15:48:24 +0000] \"POST /api/v1/user-signup HTTP/1.1\" 400 96 \"-\" \"PostmanRuntime/7.29.2\"\n","timestamp":"2022-08-15T15:48:24.176Z"}
{"label":"TEMPORAL_PROJECT","level":"info","message":"::1 - - [15/Aug/2022:15:49:19 +0000] \"POST /api/v1/user-signup HTTP/1.1\" 400 96 \"-\" \"PostmanRuntime/7.29.2\"\n","timestamp":"2022-08-15T15:49:19.636Z"}
{"label":"TEMPORAL_PROJECT","level":"info","message":"TEMPORAL_PROJECT is running on PORT 8081","timestamp":"2022-08-15T15:49:58.556Z"}
{"label":"TEMPORAL_PROJECT","level":"info","message":"TEMPORAL_PROJECT is running on PORT 8081","timestamp":"2022-08-15T15:51:08.112Z"}
{"label":"TEMPORAL_PROJECT","level":"info","message":"::1 - - [15/Aug/2022:15:51:20 +0000] \"POST /api/v1/user-signup HTTP/1.1\" 400 96 \"-\" \"PostmanRuntime/7.29.2\"\n","timestamp":"2022-08-15T15:51:20.040Z"}
{"label":"TEMPORAL_PROJECT","level":"info","message":"::1 - - [15/Aug/2022:15:51:24 +0000] \"POST /api/v1/user-signup HTTP/1.1\" 400 96 \"-\" \"PostmanRuntime/7.29.2\"\n","timestamp":"2022-08-15T15:51:24.662Z"}
{"label":"TEMPORAL_PROJECT","level":"info","message":"TEMPORAL_PROJECT is running on PORT 8081","timestamp":"2022-08-15T15:51:44.024Z"}
{"label":"TEMPORAL_PROJECT","level":"info","message":"::1 - - [15/Aug/2022:15:52:16 +0000] \"POST /api/v1/user-signup HTTP/1.1\" - - \"-\" \"PostmanRuntime/7.29.2\"\n","timestamp":"2022-08-15T15:52:16.048Z"}
{"label":"TEMPORAL_PROJECT","level":"info","message":"::1 - - [15/Aug/2022:15:52:39 +0000] \"POST /api/v1/user-signup HTTP/1.1\" - - \"-\" \"PostmanRuntime/7.29.2\"\n","timestamp":"2022-08-15T15:52:39.345Z"}
{"label":"TEMPORAL_PROJECT","level":"info","message":"TEMPORAL_PROJECT is running on PORT 8081","timestamp":"2022-08-15T15:53:12.891Z"}
{"label":"TEMPORAL_PROJECT","level":"info","message":"TEMPORAL_PROJECT is running on PORT 8081","timestamp":"2022-08-15T15:53:21.673Z"}
{"label":"TEMPORAL_PROJECT","level":"info","message":"TEMPORAL_PROJECT is running on PORT 8081","timestamp":"2022-08-15T15:53:30.493Z"}
{"label":"TEMPORAL_PROJECT","level":"info","message":"TEMPORAL_PROJECT is running on PORT 8081","timestamp":"2022-08-15T15:53:40.032Z"}
{"label":"TEMPORAL_PROJECT","level":"info","message":"TEMPORAL_PROJECT is running on PORT 8081","timestamp":"2022-08-15T15:54:25.349Z"}
{"label":"TEMPORAL_PROJECT","level":"info","message":"TEMPORAL_PROJECT is running on PORT 8081","timestamp":"2022-08-15T15:54:36.660Z"}
{"label":"TEMPORAL_PROJECT","level":"info","message":"TEMPORAL_PROJECT is running on PORT 8081","timestamp":"2022-08-15T15:54:45.233Z"}
{"label":"TEMPORAL_PROJECT","level":"info","message":"TEMPORAL_PROJECT is running on PORT 8081","timestamp":"2022-08-15T15:54:52.663Z"}
{"label":"TEMPORAL_PROJECT","level":"info","message":"::1 - - [15/Aug/2022:15:55:09 +0000] \"POST /api/v1/user-signup HTTP/1.1\" - - \"-\" \"PostmanRuntime/7.29.2\"\n","timestamp":"2022-08-15T15:55:09.073Z"}
{"label":"TEMPORAL_PROJECT","level":"info","message":"TEMPORAL_PROJECT is running on PORT 8081","timestamp":"2022-08-15T15:55:24.413Z"}
{"label":"TEMPORAL_PROJECT","level":"info","message":"TEMPORAL_PROJECT is running on PORT 8081","timestamp":"2022-08-15T15:55:31.580Z"}
{"label":"TEMPORAL_PROJECT","level":"info","message":"TEMPORAL_PROJECT is running on PORT 8081","timestamp":"2022-08-15T15:55:46.463Z"}
{"label":"TEMPORAL_PROJECT","level":"info","message":"TEMPORAL_PROJECT is running on PORT 8081","timestamp":"2022-08-15T15:55:54.624Z"}
{"label":"TEMPORAL_PROJECT","level":"info","message":"::1 - - [15/Aug/2022:15:56:26 +0000] \"POST /api/v1/user-signup HTTP/1.1\" - - \"-\" \"PostmanRuntime/7.29.2\"\n","timestamp":"2022-08-15T15:56:26.379Z"}
{"label":"TEMPORAL_PROJECT","level":"info","message":"TEMPORAL_PROJECT is running on PORT 8081","timestamp":"2022-08-15T15:57:03.230Z"}
{"label":"TEMPORAL_PROJECT","level":"info","message":"::1 - - [15/Aug/2022:15:57:28 +0000] \"POST /api/v1/user-signup HTTP/1.1\" - - \"-\" \"PostmanRuntime/7.29.2\"\n","timestamp":"2022-08-15T15:57:28.680Z"}
{"label":"TEMPORAL_PROJECT","level":"info","message":"::1 - - [15/Aug/2022:15:57:50 +0000] \"POST /api/v1/user-signup HTTP/1.1\" - - \"-\" \"PostmanRuntime/7.29.2\"\n","timestamp":"2022-08-15T15:57:50.518Z"}
{"label":"TEMPORAL_PROJECT","level":"info","message":"TEMPORAL_PROJECT is running on PORT 8081","timestamp":"2022-08-15T15:58:00.737Z"}
{"label":"TEMPORAL_PROJECT","level":"info","message":"TEMPORAL_PROJECT is running on PORT 8081","timestamp":"2022-08-15T16:00:14.718Z"}
{"date":"Mon Aug 15 2022 16:00:28 GMT+0000 (Greenwich Mean Time)","error":{},"exception":true,"label":"TEMPORAL_PROJECT","level":"error","message":"uncaughtException: Parameter \"filter\" to findOne() must be an object, got Boberr@mail.com\nObjectParameterError: Parameter \"filter\" to findOne() must be an object, got Boberr@mail.com\n    at model.Query.Query.findOne (C:\\Users\\Malcolm Akaba\\Desktop\\Project Backend- Main\\academy-3.0\\node_modules\\mongoose\\lib\\query.js:2576:16)\n    at Function.findOne (C:\\Users\\Malcolm Akaba\\Desktop\\Project Backend- Main\\academy-3.0\\node_modules\\mongoose\\lib\\model.js:2277:13)\n    at checkForUser (C:\\Users\\Malcolm Akaba\\Desktop\\Project Backend- Main\\academy-3.0\\app\\middlewares\\user\\index.js:9:27)\n    at Layer.handle [as handle_request] (C:\\Users\\Malcolm Akaba\\Desktop\\Project Backend- Main\\academy-3.0\\node_modules\\express\\lib\\router\\layer.js:95:5)\n    at next (C:\\Users\\Malcolm Akaba\\Desktop\\Project Backend- Main\\academy-3.0\\node_modules\\express\\lib\\router\\route.js:137:13)\n    at C:\\Users\\Malcolm Akaba\\Desktop\\Project Backend- Main\\academy-3.0\\app\\middlewares\\validation\\index.js:19:9\n    at processTicksAndRejections (node:internal/process/task_queues:96:5)","os":{"loadavg":[0,0,0],"uptime":20842},"process":{"argv":["C:\\Program Files\\nodejs\\node.exe","C:\\Users\\Malcolm Akaba\\Desktop\\Project Backend- Main\\academy-3.0"],"cwd":"C:\\Users\\Malcolm Akaba\\Desktop\\Project Backend- Main\\academy-3.0","execPath":"C:\\Program Files\\nodejs\\node.exe","gid":null,"memoryUsage":{"arrayBuffers":30104411,"external":41327369,"heapTotal":89903104,"heapUsed":65402680,"rss":134746112},"pid":14712,"uid":null,"version":"v16.15.0"},"stack":"ObjectParameterError: Parameter \"filter\" to findOne() must be an object, got Boberr@mail.com\n    at model.Query.Query.findOne (C:\\Users\\Malcolm Akaba\\Desktop\\Project Backend- Main\\academy-3.0\\node_modules\\mongoose\\lib\\query.js:2576:16)\n    at Function.findOne (C:\\Users\\Malcolm Akaba\\Desktop\\Project Backend- Main\\academy-3.0\\node_modules\\mongoose\\lib\\model.js:2277:13)\n    at checkForUser (C:\\Users\\Malcolm Akaba\\Desktop\\Project Backend- Main\\academy-3.0\\app\\middlewares\\user\\index.js:9:27)\n    at Layer.handle [as handle_request] (C:\\Users\\Malcolm Akaba\\Desktop\\Project Backend- Main\\academy-3.0\\node_modules\\express\\lib\\router\\layer.js:95:5)\n    at next (C:\\Users\\Malcolm Akaba\\Desktop\\Project Backend- Main\\academy-3.0\\node_modules\\express\\lib\\router\\route.js:137:13)\n    at C:\\Users\\Malcolm Akaba\\Desktop\\Project Backend- Main\\academy-3.0\\app\\middlewares\\validation\\index.js:19:9\n    at processTicksAndRejections (node:internal/process/task_queues:96:5)","timestamp":"2022-08-15T16:00:28.404Z","trace":[{"column":16,"file":"C:\\Users\\Malcolm Akaba\\Desktop\\Project Backend- Main\\academy-3.0\\node_modules\\mongoose\\lib\\query.js","function":"model.Query.Query.findOne","line":2576,"method":"findOne","native":false},{"column":13,"file":"C:\\Users\\Malcolm Akaba\\Desktop\\Project Backend- Main\\academy-3.0\\node_modules\\mongoose\\lib\\model.js","function":"Function.findOne","line":2277,"method":"findOne","native":false},{"column":27,"file":"C:\\Users\\Malcolm Akaba\\Desktop\\Project Backend- Main\\academy-3.0\\app\\middlewares\\user\\index.js","function":"checkForUser","line":9,"method":null,"native":false},{"column":5,"file":"C:\\Users\\Malcolm Akaba\\Desktop\\Project Backend- Main\\academy-3.0\\node_modules\\express\\lib\\router\\layer.js","function":"Layer.handle [as handle_request]","line":95,"method":"handle [as handle_request]","native":false},{"column":13,"file":"C:\\Users\\Malcolm Akaba\\Desktop\\Project Backend- Main\\academy-3.0\\node_modules\\express\\lib\\router\\route.js","function":"next","line":137,"method":null,"native":false},{"column":9,"file":"C:\\Users\\Malcolm Akaba\\Desktop\\Project Backend- Main\\academy-3.0\\app\\middlewares\\validation\\index.js","function":null,"line":19,"method":null,"native":false},{"column":5,"file":"node:internal/process/task_queues","function":"processTicksAndRejections","line":96,"method":null,"native":false}]}
{"label":"TEMPORAL_PROJECT","level":"info","message":"TEMPORAL_PROJECT is running on PORT 8081","timestamp":"2022-08-15T16:03:17.817Z"}
{"label":"TEMPORAL_PROJECT","level":"info","message":"TEMPORAL_PROJECT is running on PORT 8081","timestamp":"2022-08-15T16:03:43.918Z"}
{"label":"TEMPORAL_PROJECT","level":"info","message":"TEMPORAL_PROJECT is running on PORT 8081","timestamp":"2022-08-15T16:11:39.259Z"}
{"label":"TEMPORAL_PROJECT","level":"info","message":"::1 - - [15/Aug/2022:16:11:52 +0000] \"POST /api/v1/user-signup HTTP/1.1\" 400 96 \"-\" \"PostmanRuntime/7.29.2\"\n","timestamp":"2022-08-15T16:11:52.486Z"}
{"label":"TEMPORAL_PROJECT","level":"info","message":"::1 - - [15/Aug/2022:16:12:01 +0000] \"POST /api/v1/user-signup HTTP/1.1\" 400 96 \"-\" \"PostmanRuntime/7.29.2\"\n","timestamp":"2022-08-15T16:12:01.084Z"}
{"label":"TEMPORAL_PROJECT","level":"info","message":"TEMPORAL_PROJECT is running on PORT 8081","timestamp":"2022-08-15T16:12:28.403Z"}
{"label":"TEMPORAL_PROJECT","level":"info","message":"TEMPORAL_PROJECT is running on PORT 8081","timestamp":"2022-08-15T16:13:30.985Z"}
{"label":"TEMPORAL_PROJECT","level":"info","message":"::1 - - [15/Aug/2022:16:13:36 +0000] \"POST /api/v1/user-signup HTTP/1.1\" 201 360 \"-\" \"PostmanRuntime/7.29.2\"\n","timestamp":"2022-08-15T16:13:36.815Z"}
{"label":"TEMPORAL_PROJECT","level":"info","message":"::1 - - [15/Aug/2022:16:13:47 +0000] \"POST /api/v1/user-signup HTTP/1.1\" 201 360 \"-\" \"PostmanRuntime/7.29.2\"\n","timestamp":"2022-08-15T16:13:47.482Z"}
{"label":"TEMPORAL_PROJECT","level":"info","message":"TEMPORAL_PROJECT is running on PORT 8081","timestamp":"2022-08-15T16:14:27.516Z"}
{"label":"TEMPORAL_PROJECT","level":"info","message":"TEMPORAL_PROJECT is running on PORT 8081","timestamp":"2022-08-15T16:15:01.507Z"}
{"label":"TEMPORAL_PROJECT","level":"info","message":"::1 - - [15/Aug/2022:16:15:18 +0000] \"POST /api/v1/user-signup HTTP/1.1\" 201 360 \"-\" \"PostmanRuntime/7.29.2\"\n","timestamp":"2022-08-15T16:15:18.312Z"}
{"label":"TEMPORAL_PROJECT","level":"info","message":"::1 - - [15/Aug/2022:16:15:22 +0000] \"POST /api/v1/user-signup HTTP/1.1\" 201 360 \"-\" \"PostmanRuntime/7.29.2\"\n","timestamp":"2022-08-15T16:15:22.879Z"}
{"label":"TEMPORAL_PROJECT","level":"info","message":"TEMPORAL_PROJECT is running on PORT 8081","timestamp":"2022-08-15T16:15:45.923Z"}
{"label":"TEMPORAL_PROJECT","level":"info","message":"TEMPORAL_PROJECT is running on PORT 8081","timestamp":"2022-08-15T16:16:14.319Z"}
{"label":"TEMPORAL_PROJECT","level":"info","message":"TEMPORAL_PROJECT is running on PORT 8081","timestamp":"2022-08-15T16:16:38.393Z"}
{"label":"TEMPORAL_PROJECT","level":"info","message":"TEMPORAL_PROJECT is running on PORT 8081","timestamp":"2022-08-15T16:16:51.896Z"}
{"label":"TEMPORAL_PROJECT","level":"info","message":"TEMPORAL_PROJECT is running on PORT 8081","timestamp":"2022-08-15T16:17:02.376Z"}
{"label":"TEMPORAL_PROJECT","level":"info","message":"TEMPORAL_PROJECT is running on PORT 8081","timestamp":"2022-08-15T16:17:52.875Z"}
{"label":"TEMPORAL_PROJECT","level":"info","message":"::1 - - [15/Aug/2022:16:18:21 +0000] \"POST /api/v1/user-signup HTTP/1.1\" 400 96 \"-\" \"PostmanRuntime/7.29.2\"\n","timestamp":"2022-08-15T16:18:21.524Z"}
{"label":"TEMPORAL_PROJECT","level":"info","message":"::1 - - [15/Aug/2022:16:18:37 +0000] \"POST /api/v1/user-signup HTTP/1.1\" 201 354 \"-\" \"PostmanRuntime/7.29.2\"\n","timestamp":"2022-08-15T16:18:37.503Z"}
{"label":"TEMPORAL_PROJECT","level":"info","message":"::1 - - [15/Aug/2022:16:18:48 +0000] \"POST /api/v1/user-signup HTTP/1.1\" 400 96 \"-\" \"PostmanRuntime/7.29.2\"\n","timestamp":"2022-08-15T16:18:48.848Z"}
{"label":"TEMPORAL_PROJECT","level":"info","message":"::1 - - [15/Aug/2022:16:18:57 +0000] \"POST /api/v1/user-signup HTTP/1.1\" 201 355 \"-\" \"PostmanRuntime/7.29.2\"\n","timestamp":"2022-08-15T16:18:57.875Z"}
{"label":"TEMPORAL_PROJECT","level":"info","message":"::1 - - [15/Aug/2022:16:19:03 +0000] \"POST /api/v1/user-signup HTTP/1.1\" 400 96 \"-\" \"PostmanRuntime/7.29.2\"\n","timestamp":"2022-08-15T16:19:03.051Z"}
{"label":"TEMPORAL_PROJECT","level":"info","message":"::1 - - [15/Aug/2022:16:19:11 +0000] \"POST /api/v1/user-signup HTTP/1.1\" 201 356 \"-\" \"PostmanRuntime/7.29.2\"\n","timestamp":"2022-08-15T16:19:11.279Z"}
{"label":"TEMPORAL_PROJECT","level":"info","message":"::1 - - [15/Aug/2022:16:19:14 +0000] \"POST /api/v1/user-signup HTTP/1.1\" 400 96 \"-\" \"PostmanRuntime/7.29.2\"\n","timestamp":"2022-08-15T16:19:14.618Z"}
{"label":"TEMPORAL_PROJECT","level":"info","message":"TEMPORAL_PROJECT is running on PORT 8081","timestamp":"2022-08-15T16:19:55.564Z"}
{"label":"TEMPORAL_PROJECT","level":"info","message":"::1 - - [15/Aug/2022:16:20:45 +0000] \"POST /api/v1/user-signup HTTP/1.1\" 201 355 \"-\" \"PostmanRuntime/7.29.2\"\n","timestamp":"2022-08-15T16:20:45.196Z"}
{"label":"TEMPORAL_PROJECT","level":"info","message":"TEMPORAL_PROJECT is running on PORT 8081","timestamp":"2022-08-15T17:52:00.973Z"}
{"label":"TEMPORAL_PROJECT","level":"info","message":"TEMPORAL_PROJECT is running on PORT 8081","timestamp":"2022-08-15T17:52:26.944Z"}
{"label":"TEMPORAL_PROJECT","level":"info","message":"TEMPORAL_PROJECT is running on PORT 8081","timestamp":"2022-08-15T19:12:34.880Z"}
{"date":"Mon Aug 15 2022 19:12:34 GMT+0000 (Greenwich Mean Time)","error":{"address":"::","code":"EADDRINUSE","errno":-4091,"port":8081,"syscall":"listen"},"exception":true,"label":"TEMPORAL_PROJECT","level":"error","message":"uncaughtException: listen EADDRINUSE: address already in use :::8081\nError: listen EADDRINUSE: address already in use :::8081\n    at Server.setupListenHandle [as _listen2] (node:net:1372:16)\n    at listenInCluster (node:net:1420:12)\n    at Server.listen (node:net:1508:7)\n    at Function.listen (C:\\Users\\Malcolm Akaba\\Desktop\\Project Backend- Main\\academy-3.0\\node_modules\\express\\lib\\application.js:618:24)\n    at C:\\Users\\Malcolm Akaba\\Desktop\\Project Backend- Main\\academy-3.0\\index.js:23:9\n    at processTicksAndRejections (node:internal/process/task_queues:96:5)","os":{"loadavg":[0,0,0],"uptime":32369},"process":{"argv":["C:\\Program Files\\nodejs\\node.exe","C:\\Users\\Malcolm Akaba\\Desktop\\Project Backend- Main\\academy-3.0"],"cwd":"C:\\Users\\Malcolm Akaba\\Desktop\\Project Backend- Main\\academy-3.0","execPath":"C:\\Program Files\\nodejs\\node.exe","gid":null,"memoryUsage":{"arrayBuffers":30689647,"external":45831690,"heapTotal":91549696,"heapUsed":59184192,"rss":137232384},"pid":15272,"uid":null,"version":"v16.15.0"},"stack":"Error: listen EADDRINUSE: address already in use :::8081\n    at Server.setupListenHandle [as _listen2] (node:net:1372:16)\n    at listenInCluster (node:net:1420:12)\n    at Server.listen (node:net:1508:7)\n    at Function.listen (C:\\Users\\Malcolm Akaba\\Desktop\\Project Backend- Main\\academy-3.0\\node_modules\\express\\lib\\application.js:618:24)\n    at C:\\Users\\Malcolm Akaba\\Desktop\\Project Backend- Main\\academy-3.0\\index.js:23:9\n    at processTicksAndRejections (node:internal/process/task_queues:96:5)","timestamp":"2022-08-15T19:12:35.010Z","trace":[{"column":16,"file":"node:net","function":"Server.setupListenHandle [as _listen2]","line":1372,"method":"setupListenHandle [as _listen2]","native":false},{"column":12,"file":"node:net","function":"listenInCluster","line":1420,"method":null,"native":false},{"column":7,"file":"node:net","function":"Server.listen","line":1508,"method":"listen","native":false},{"column":24,"file":"C:\\Users\\Malcolm Akaba\\Desktop\\Project Backend- Main\\academy-3.0\\node_modules\\express\\lib\\application.js","function":"Function.listen","line":618,"method":"listen","native":false},{"column":9,"file":"C:\\Users\\Malcolm Akaba\\Desktop\\Project Backend- Main\\academy-3.0\\index.js","function":null,"line":23,"method":null,"native":false},{"column":5,"file":"node:internal/process/task_queues","function":"processTicksAndRejections","line":96,"method":null,"native":false}]}
{"label":"TEMPORAL_PROJECT","level":"info","message":"TEMPORAL_PROJECT is running on PORT 808","timestamp":"2022-08-15T19:13:04.956Z"}
{"label":"TEMPORAL_PROJECT","level":"error","message":"ApiError - 401 - Incorrect login details - /api/v1/user-login - POST - ::1","timestamp":"2022-08-15T19:13:14.786Z"}
{"label":"TEMPORAL_PROJECT","level":"info","message":"::1 - - [15/Aug/2022:19:13:14 +0000] \"POST /api/v1/user-login HTTP/1.1\" 401 53 \"-\" \"PostmanRuntime/7.29.2\"\n","timestamp":"2022-08-15T19:13:14.792Z"}
{"label":"TEMPORAL_PROJECT","level":"info","message":"::1 - - [15/Aug/2022:19:13:28 +0000] \"POST /api/v1/user-signup HTTP/1.1\" 400 96 \"-\" \"PostmanRuntime/7.29.2\"\n","timestamp":"2022-08-15T19:13:28.265Z"}
{"label":"TEMPORAL_PROJECT","level":"error","message":"ApiError - 401 - Incorrect login details - /api/v1/user-login - POST - ::1","timestamp":"2022-08-15T19:13:33.432Z"}
{"label":"TEMPORAL_PROJECT","level":"info","message":"::1 - - [15/Aug/2022:19:13:33 +0000] \"POST /api/v1/user-login HTTP/1.1\" 401 53 \"-\" \"PostmanRuntime/7.29.2\"\n","timestamp":"2022-08-15T19:13:33.434Z"}
{"label":"TEMPORAL_PROJECT","level":"error","message":"ApiError - 401 - Incorrect login details - /api/v1/user-login - POST - ::1","timestamp":"2022-08-15T19:13:43.488Z"}
{"label":"TEMPORAL_PROJECT","level":"info","message":"::1 - - [15/Aug/2022:19:13:43 +0000] \"POST /api/v1/user-login HTTP/1.1\" 401 53 \"-\" \"PostmanRuntime/7.29.2\"\n","timestamp":"2022-08-15T19:13:43.489Z"}
{"label":"TEMPORAL_PROJECT","level":"info","message":"TEMPORAL_PROJECT is running on PORT 808","timestamp":"2022-08-15T19:18:19.302Z"}
{"label":"TEMPORAL_PROJECT","level":"info","message":"TEMPORAL_PROJECT is running on PORT 808","timestamp":"2022-08-15T19:20:45.355Z"}
{"date":"Mon Aug 15 2022 19:20:45 GMT+0000 (Greenwich Mean Time)","error":{"address":"::","code":"EADDRINUSE","errno":-4091,"port":808,"syscall":"listen"},"exception":true,"label":"TEMPORAL_PROJECT","level":"error","message":"uncaughtException: listen EADDRINUSE: address already in use :::808\nError: listen EADDRINUSE: address already in use :::808\n    at Server.setupListenHandle [as _listen2] (node:net:1372:16)\n    at listenInCluster (node:net:1420:12)\n    at Server.listen (node:net:1508:7)\n    at Function.listen (C:\\Users\\Malcolm Akaba\\Desktop\\Project Backend- Main\\academy-3.0\\node_modules\\express\\lib\\application.js:618:24)\n    at C:\\Users\\Malcolm Akaba\\Desktop\\Project Backend- Main\\academy-3.0\\index.js:23:9\n    at processTicksAndRejections (node:internal/process/task_queues:96:5)","os":{"loadavg":[0,0,0],"uptime":32859},"process":{"argv":["C:\\Program Files\\nodejs\\node.exe","C:\\Users\\Malcolm Akaba\\Desktop\\Project Backend- Main\\academy-3.0"],"cwd":"C:\\Users\\Malcolm Akaba\\Desktop\\Project Backend- Main\\academy-3.0","execPath":"C:\\Program Files\\nodejs\\node.exe","gid":null,"memoryUsage":{"arrayBuffers":31122966,"external":45836354,"heapTotal":88059904,"heapUsed":66975448,"rss":135135232},"pid":6216,"uid":null,"version":"v16.15.0"},"stack":"Error: listen EADDRINUSE: address already in use :::808\n    at Server.setupListenHandle [as _listen2] (node:net:1372:16)\n    at listenInCluster (node:net:1420:12)\n    at Server.listen (node:net:1508:7)\n    at Function.listen (C:\\Users\\Malcolm Akaba\\Desktop\\Project Backend- Main\\academy-3.0\\node_modules\\express\\lib\\application.js:618:24)\n    at C:\\Users\\Malcolm Akaba\\Desktop\\Project Backend- Main\\academy-3.0\\index.js:23:9\n    at processTicksAndRejections (node:internal/process/task_queues:96:5)","timestamp":"2022-08-15T19:20:45.405Z","trace":[{"column":16,"file":"node:net","function":"Server.setupListenHandle [as _listen2]","line":1372,"method":"setupListenHandle [as _listen2]","native":false},{"column":12,"file":"node:net","function":"listenInCluster","line":1420,"method":null,"native":false},{"column":7,"file":"node:net","function":"Server.listen","line":1508,"method":"listen","native":false},{"column":24,"file":"C:\\Users\\Malcolm Akaba\\Desktop\\Project Backend- Main\\academy-3.0\\node_modules\\express\\lib\\application.js","function":"Function.listen","line":618,"method":"listen","native":false},{"column":9,"file":"C:\\Users\\Malcolm Akaba\\Desktop\\Project Backend- Main\\academy-3.0\\index.js","function":null,"line":23,"method":null,"native":false},{"column":5,"file":"node:internal/process/task_queues","function":"processTicksAndRejections","line":96,"method":null,"native":false}]}
{"label":"TEMPORAL_PROJECT","level":"info","message":"TEMPORAL_PROJECT is running on PORT 808","timestamp":"2022-08-15T20:09:54.341Z"}
{"label":"TEMPORAL_PROJECT","level":"info","message":"TEMPORAL_PROJECT is running on PORT 8081","timestamp":"2022-08-15T20:10:57.089Z"}
{"label":"TEMPORAL_PROJECT","level":"info","message":"::1 - - [15/Aug/2022:20:11:16 +0000] \"POST /api/v1/user-signup HTTP/1.1\" 201 354 \"-\" \"PostmanRuntime/7.29.2\"\n","timestamp":"2022-08-15T20:11:16.960Z"}
{"label":"TEMPORAL_PROJECT","level":"error","message":"ApiError - 401 - Incorrect login details - /api/v1/user-login - POST - ::1","timestamp":"2022-08-15T20:11:44.539Z"}
{"label":"TEMPORAL_PROJECT","level":"info","message":"::1 - - [15/Aug/2022:20:11:44 +0000] \"POST /api/v1/user-login HTTP/1.1\" 401 53 \"-\" \"PostmanRuntime/7.29.2\"\n","timestamp":"2022-08-15T20:11:44.542Z"}
{"label":"TEMPORAL_PROJECT","level":"info","message":"TEMPORAL_PROJECT is running on PORT 8081","timestamp":"2022-08-15T20:15:27.244Z"}
{"label":"TEMPORAL_PROJECT","level":"error","message":"ApiError - 401 - Incorrect login details - /api/v1/user-login - POST - ::1","timestamp":"2022-08-15T20:15:32.178Z"}
{"label":"TEMPORAL_PROJECT","level":"info","message":"::1 - - [15/Aug/2022:20:15:32 +0000] \"POST /api/v1/user-login HTTP/1.1\" 401 53 \"-\" \"PostmanRuntime/7.29.2\"\n","timestamp":"2022-08-15T20:15:32.190Z"}
{"label":"TEMPORAL_PROJECT","level":"info","message":"TEMPORAL_PROJECT is running on PORT 8081","timestamp":"2022-08-15T20:16:04.498Z"}
{"label":"TEMPORAL_PROJECT","level":"error","message":"ApiError - 500 - Oops, something broke on the server!!! - /api/v1/user-login - POST - ::1","timestamp":"2022-08-15T20:16:07.418Z"}
{"label":"TEMPORAL_PROJECT","level":"info","message":"::1 - - [15/Aug/2022:20:16:07 +0000] \"POST /api/v1/user-login HTTP/1.1\" 500 68 \"-\" \"PostmanRuntime/7.29.2\"\n","timestamp":"2022-08-15T20:16:07.430Z"}
{"label":"TEMPORAL_PROJECT","level":"info","message":"TEMPORAL_PROJECT is running on PORT 8081","timestamp":"2022-08-15T20:16:22.665Z"}
{"label":"TEMPORAL_PROJECT","level":"error","message":"ApiError - 400 - \"emailAddress\" is required - /api/v1/user-login - POST - ::1","timestamp":"2022-08-15T20:23:17.382Z"}
{"label":"TEMPORAL_PROJECT","level":"info","message":"::1 - - [15/Aug/2022:20:23:17 +0000] \"POST /api/v1/user-login HTTP/1.1\" 400 58 \"-\" \"PostmanRuntime/7.29.2\"\n","timestamp":"2022-08-15T20:23:17.391Z"}
{"label":"TEMPORAL_PROJECT","level":"error","message":"ApiError - 401 - Incorrect login details - /api/v1/user-login - POST - ::1","timestamp":"2022-08-15T20:23:27.581Z"}
{"label":"TEMPORAL_PROJECT","level":"info","message":"::1 - - [15/Aug/2022:20:23:27 +0000] \"POST /api/v1/user-login HTTP/1.1\" 401 53 \"-\" \"PostmanRuntime/7.29.2\"\n","timestamp":"2022-08-15T20:23:27.583Z"}
{"label":"TEMPORAL_PROJECT","level":"info","message":"TEMPORAL_PROJECT is running on PORT 8081","timestamp":"2022-08-15T20:23:57.931Z"}
{"label":"TEMPORAL_PROJECT","level":"error","message":"ApiError - 500 - Oops, something broke on the server!!! - /api/v1/user-login - POST - ::1","timestamp":"2022-08-15T20:24:02.258Z"}
{"label":"TEMPORAL_PROJECT","level":"info","message":"::1 - - [15/Aug/2022:20:24:02 +0000] \"POST /api/v1/user-login HTTP/1.1\" 500 68 \"-\" \"PostmanRuntime/7.29.2\"\n","timestamp":"2022-08-15T20:24:02.266Z"}
{"label":"TEMPORAL_PROJECT","level":"info","message":"TEMPORAL_PROJECT is running on PORT 8081","timestamp":"2022-08-15T20:24:14.588Z"}
{"label":"TEMPORAL_PROJECT","level":"info","message":"TEMPORAL_PROJECT is running on PORT 8081","timestamp":"2022-08-15T20:24:53.636Z"}
{"label":"TEMPORAL_PROJECT","level":"error","message":"ApiError - 500 - Oops, something broke on the server!!! - /api/v1/user-login - POST - ::1","timestamp":"2022-08-15T20:24:58.212Z"}
{"label":"TEMPORAL_PROJECT","level":"info","message":"::1 - - [15/Aug/2022:20:24:58 +0000] \"POST /api/v1/user-login HTTP/1.1\" 500 68 \"-\" \"PostmanRuntime/7.29.2\"\n","timestamp":"2022-08-15T20:24:58.219Z"}
{"label":"TEMPORAL_PROJECT","level":"info","message":"TEMPORAL_PROJECT is running on PORT 8081","timestamp":"2022-08-15T20:25:10.294Z"}
{"label":"TEMPORAL_PROJECT","level":"info","message":"TEMPORAL_PROJECT is running on PORT 8081","timestamp":"2022-08-15T20:25:34.661Z"}
{"label":"TEMPORAL_PROJECT","level":"info","message":"TEMPORAL_PROJECT is running on PORT 8081","timestamp":"2022-08-15T20:26:15.130Z"}
{"label":"TEMPORAL_PROJECT","level":"error","message":"ApiError - 401 - Incorrect login details - /api/v1/user-login - POST - ::1","timestamp":"2022-08-15T20:26:18.761Z"}
{"label":"TEMPORAL_PROJECT","level":"info","message":"::1 - - [15/Aug/2022:20:26:18 +0000] \"POST /api/v1/user-login HTTP/1.1\" 401 53 \"-\" \"PostmanRuntime/7.29.2\"\n","timestamp":"2022-08-15T20:26:18.767Z"}
{"label":"TEMPORAL_PROJECT","level":"info","message":"TEMPORAL_PROJECT is running on PORT 8081","timestamp":"2022-08-15T20:26:44.507Z"}
{"label":"TEMPORAL_PROJECT","level":"error","message":"ApiError - 401 - Incorrect login details - /api/v1/user-login - POST - ::1","timestamp":"2022-08-15T20:26:47.720Z"}
{"label":"TEMPORAL_PROJECT","level":"info","message":"::1 - - [15/Aug/2022:20:26:47 +0000] \"POST /api/v1/user-login HTTP/1.1\" 401 53 \"-\" \"PostmanRuntime/7.29.2\"\n","timestamp":"2022-08-15T20:26:47.740Z"}
{"label":"TEMPORAL_PROJECT","level":"info","message":"TEMPORAL_PROJECT is running on PORT 8081","timestamp":"2022-08-15T20:27:16.466Z"}
{"label":"TEMPORAL_PROJECT","level":"error","message":"ApiError - 500 - Oops, something broke on the server!!! - /api/v1/user-login - POST - ::1","timestamp":"2022-08-15T20:27:21.253Z"}
{"label":"TEMPORAL_PROJECT","level":"info","message":"::1 - - [15/Aug/2022:20:27:21 +0000] \"POST /api/v1/user-login HTTP/1.1\" 500 68 \"-\" \"PostmanRuntime/7.29.2\"\n","timestamp":"2022-08-15T20:27:21.265Z"}
{"label":"TEMPORAL_PROJECT","level":"info","message":"TEMPORAL_PROJECT is running on PORT 8081","timestamp":"2022-08-15T20:27:41.174Z"}
{"label":"TEMPORAL_PROJECT","level":"error","message":"ApiError - 500 - Oops, something broke on the server!!! - /api/v1/user-login - POST - ::1","timestamp":"2022-08-15T20:27:49.485Z"}
{"label":"TEMPORAL_PROJECT","level":"info","message":"::1 - - [15/Aug/2022:20:27:49 +0000] \"POST /api/v1/user-login HTTP/1.1\" 500 68 \"-\" \"PostmanRuntime/7.29.2\"\n","timestamp":"2022-08-15T20:27:49.495Z"}
{"label":"TEMPORAL_PROJECT","level":"info","message":"TEMPORAL_PROJECT is running on PORT 8081","timestamp":"2022-08-15T20:28:06.536Z"}
{"label":"TEMPORAL_PROJECT","level":"info","message":"::1 - - [15/Aug/2022:20:28:38 +0000] \"POST /api/v1/user-signup HTTP/1.1\" 201 323 \"-\" \"PostmanRuntime/7.29.2\"\n","timestamp":"2022-08-15T20:28:38.557Z"}
{"label":"TEMPORAL_PROJECT","level":"error","message":"ApiError - 500 - Oops, something broke on the server!!! - /api/v1/user-login - POST - ::1","timestamp":"2022-08-15T20:29:03.516Z"}
{"label":"TEMPORAL_PROJECT","level":"info","message":"::1 - - [15/Aug/2022:20:29:03 +0000] \"POST /api/v1/user-login HTTP/1.1\" 500 68 \"-\" \"PostmanRuntime/7.29.2\"\n","timestamp":"2022-08-15T20:29:03.519Z"}
{"label":"TEMPORAL_PROJECT","level":"error","message":"ApiError - 500 - Oops, something broke on the server!!! - /api/v1/user-login - POST - ::1","timestamp":"2022-08-15T20:29:05.173Z"}
{"label":"TEMPORAL_PROJECT","level":"info","message":"::1 - - [15/Aug/2022:20:29:05 +0000] \"POST /api/v1/user-login HTTP/1.1\" 500 68 \"-\" \"PostmanRuntime/7.29.2\"\n","timestamp":"2022-08-15T20:29:05.176Z"}
{"label":"TEMPORAL_PROJECT","level":"info","message":"TEMPORAL_PROJECT is running on PORT 8081","timestamp":"2022-08-15T20:29:50.162Z"}
{"label":"TEMPORAL_PROJECT","level":"info","message":"::1 - - [15/Aug/2022:20:29:58 +0000] \"POST /api/v1/user-signup HTTP/1.1\" 400 96 \"-\" \"PostmanRuntime/7.29.2\"\n","timestamp":"2022-08-15T20:29:58.642Z"}
{"label":"TEMPORAL_PROJECT","level":"error","message":"ApiError - 500 - Oops, something broke on the server!!! - /api/v1/user-login - POST - ::1","timestamp":"2022-08-15T20:30:06.107Z"}
{"label":"TEMPORAL_PROJECT","level":"info","message":"::1 - - [15/Aug/2022:20:30:06 +0000] \"POST /api/v1/user-login HTTP/1.1\" 500 68 \"-\" \"PostmanRuntime/7.29.2\"\n","timestamp":"2022-08-15T20:30:06.110Z"}
{"label":"TEMPORAL_PROJECT","level":"error","message":"ApiError - 500 - Oops, something broke on the server!!! - /api/v1/user-login - POST - ::1","timestamp":"2022-08-15T20:30:07.551Z"}
{"label":"TEMPORAL_PROJECT","level":"info","message":"::1 - - [15/Aug/2022:20:30:07 +0000] \"POST /api/v1/user-login HTTP/1.1\" 500 68 \"-\" \"PostmanRuntime/7.29.2\"\n","timestamp":"2022-08-15T20:30:07.553Z"}
{"label":"TEMPORAL_PROJECT","level":"info","message":"TEMPORAL_PROJECT is running on PORT 8081","timestamp":"2022-08-15T20:30:39.426Z"}
{"label":"TEMPORAL_PROJECT","level":"error","message":"ApiError - 500 - Oops, something broke on the server!!! - /api/v1/user-login - POST - ::1","timestamp":"2022-08-15T20:30:39.811Z"}
{"label":"TEMPORAL_PROJECT","level":"info","message":"::1 - - [15/Aug/2022:20:30:39 +0000] \"POST /api/v1/user-login HTTP/1.1\" 500 68 \"-\" \"PostmanRuntime/7.29.2\"\n","timestamp":"2022-08-15T20:30:39.822Z"}
{"label":"TEMPORAL_PROJECT","level":"info","message":"TEMPORAL_PROJECT is running on PORT 8081","timestamp":"2022-08-15T20:31:02.967Z"}
{"label":"TEMPORAL_PROJECT","level":"error","message":"ApiError - 500 - Oops, something broke on the server!!! - /api/v1/user-login - POST - ::1","timestamp":"2022-08-15T20:31:07.573Z"}
{"label":"TEMPORAL_PROJECT","level":"info","message":"::1 - - [15/Aug/2022:20:31:07 +0000] \"POST /api/v1/user-login HTTP/1.1\" 500 68 \"-\" \"PostmanRuntime/7.29.2\"\n","timestamp":"2022-08-15T20:31:07.584Z"}
{"label":"TEMPORAL_PROJECT","level":"info","message":"TEMPORAL_PROJECT is running on PORT 8081","timestamp":"2022-08-15T20:31:35.123Z"}
{"label":"TEMPORAL_PROJECT","level":"info","message":"TEMPORAL_PROJECT is running on PORT 8081","timestamp":"2022-08-15T20:31:41.179Z"}
{"label":"TEMPORAL_PROJECT","level":"info","message":"TEMPORAL_PROJECT is running on PORT 8081","timestamp":"2022-08-15T20:31:47.336Z"}
{"label":"TEMPORAL_PROJECT","level":"info","message":"TEMPORAL_PROJECT is running on PORT 8081","timestamp":"2022-08-15T20:34:54.685Z"}
{"label":"TEMPORAL_PROJECT","level":"info","message":"TEMPORAL_PROJECT is running on PORT 8081","timestamp":"2022-08-15T20:35:54.515Z"}
{"label":"TEMPORAL_PROJECT","level":"info","message":"TEMPORAL_PROJECT is running on PORT 8081","timestamp":"2022-08-15T20:36:08.355Z"}
{"label":"TEMPORAL_PROJECT","level":"info","message":"TEMPORAL_PROJECT is running on PORT 8081","timestamp":"2022-08-15T20:36:49.284Z"}
{"label":"TEMPORAL_PROJECT","level":"error","message":"ApiError - 400 - \"emailAddress\" is required - /api/v1/user-login - POST - ::1","timestamp":"2022-08-15T20:36:57.844Z"}
{"label":"TEMPORAL_PROJECT","level":"info","message":"::1 - - [15/Aug/2022:20:36:57 +0000] \"POST /api/v1/user-login HTTP/1.1\" 400 58 \"-\" \"PostmanRuntime/7.29.2\"\n","timestamp":"2022-08-15T20:36:57.852Z"}
{"label":"TEMPORAL_PROJECT","level":"error","message":"ApiError - 500 - Oops, something broke on the server!!! - /api/v1/user-login - POST - ::1","timestamp":"2022-08-15T20:37:06.195Z"}
{"label":"TEMPORAL_PROJECT","level":"info","message":"::1 - - [15/Aug/2022:20:37:06 +0000] \"POST /api/v1/user-login HTTP/1.1\" 500 68 \"-\" \"PostmanRuntime/7.29.2\"\n","timestamp":"2022-08-15T20:37:06.206Z"}
{"label":"TEMPORAL_PROJECT","level":"info","message":"TEMPORAL_PROJECT is running on PORT 8081","timestamp":"2022-08-15T20:37:21.645Z"}
{"label":"TEMPORAL_PROJECT","level":"error","message":"ApiError - 401 - Incorrect login details - /api/v1/user-login - POST - ::1","timestamp":"2022-08-15T20:37:25.898Z"}
{"label":"TEMPORAL_PROJECT","level":"info","message":"::1 - - [15/Aug/2022:20:37:25 +0000] \"POST /api/v1/user-login HTTP/1.1\" 401 53 \"-\" \"PostmanRuntime/7.29.2\"\n","timestamp":"2022-08-15T20:37:25.905Z"}
{"label":"TEMPORAL_PROJECT","level":"info","message":"TEMPORAL_PROJECT is running on PORT 8081","timestamp":"2022-08-15T20:38:14.315Z"}
{"label":"TEMPORAL_PROJECT","level":"error","message":"ApiError - 401 - Access denied, a valid access token is required - /api/v1/user-login - POST - ::1","timestamp":"2022-08-15T20:42:56.022Z"}
{"label":"TEMPORAL_PROJECT","level":"info","message":"::1 - - [15/Aug/2022:20:42:56 +0000] \"POST /api/v1/user-login HTTP/1.1\" 401 77 \"-\" \"PostmanRuntime/7.29.2\"\n","timestamp":"2022-08-15T20:42:56.037Z"}
{"label":"TEMPORAL_PROJECT","level":"info","message":"TEMPORAL_PROJECT is running on PORT 8081","timestamp":"2022-08-15T20:43:23.149Z"}
{"label":"TEMPORAL_PROJECT","level":"info","message":"TEMPORAL_PROJECT is running on PORT 8081","timestamp":"2022-08-15T20:46:43.913Z"}
{"label":"TEMPORAL_PROJECT","level":"info","message":"TEMPORAL_PROJECT is running on PORT 8081","timestamp":"2022-08-15T20:46:50.629Z"}
{"label":"TEMPORAL_PROJECT","level":"error","message":"ApiError - 500 - Oops, something broke on the server!!! - /api/v1/user-login - POST - ::1","timestamp":"2022-08-15T20:46:54.456Z"}
{"label":"TEMPORAL_PROJECT","level":"info","message":"::1 - - [15/Aug/2022:20:46:54 +0000] \"POST /api/v1/user-login HTTP/1.1\" 500 68 \"-\" \"PostmanRuntime/7.29.2\"\n","timestamp":"2022-08-15T20:46:54.558Z"}
{"label":"TEMPORAL_PROJECT","level":"info","message":"TEMPORAL_PROJECT is running on PORT 8081","timestamp":"2022-08-15T20:47:23.455Z"}
{"label":"TEMPORAL_PROJECT","level":"error","message":"ApiError - 401 - Incorrect login details - /api/v1/user-login - POST - ::1","timestamp":"2022-08-15T20:47:39.243Z"}
{"label":"TEMPORAL_PROJECT","level":"info","message":"::1 - - [15/Aug/2022:20:47:39 +0000] \"POST /api/v1/user-login HTTP/1.1\" 401 53 \"-\" \"PostmanRuntime/7.29.2\"\n","timestamp":"2022-08-15T20:47:39.278Z"}
{"label":"TEMPORAL_PROJECT","level":"info","message":"TEMPORAL_PROJECT is running on PORT 8081","timestamp":"2022-08-15T20:48:06.799Z"}
{"label":"TEMPORAL_PROJECT","level":"info","message":"TEMPORAL_PROJECT is running on PORT 8081","timestamp":"2022-08-15T20:48:45.724Z"}
{"label":"TEMPORAL_PROJECT","level":"info","message":"TEMPORAL_PROJECT is running on PORT 8081","timestamp":"2022-08-15T20:49:56.028Z"}
{"label":"TEMPORAL_PROJECT","level":"info","message":"TEMPORAL_PROJECT is running on PORT 8081","timestamp":"2022-08-15T20:50:05.279Z"}
{"label":"TEMPORAL_PROJECT","level":"error","message":"ApiError - 500 - Oops, something broke on the server!!! - /api/v1/user-login - POST - ::1","timestamp":"2022-08-15T20:50:16.329Z"}
{"label":"TEMPORAL_PROJECT","level":"info","message":"::1 - - [15/Aug/2022:20:50:16 +0000] \"POST /api/v1/user-login HTTP/1.1\" 500 68 \"-\" \"PostmanRuntime/7.29.2\"\n","timestamp":"2022-08-15T20:50:16.337Z"}
{"label":"TEMPORAL_PROJECT","level":"info","message":"TEMPORAL_PROJECT is running on PORT 8081","timestamp":"2022-08-15T20:51:00.592Z"}
{"label":"TEMPORAL_PROJECT","level":"error","message":"ApiError - 500 - Oops, something broke on the server!!! - /api/v1/user-login - POST - ::1","timestamp":"2022-08-15T20:51:09.040Z"}
{"label":"TEMPORAL_PROJECT","level":"info","message":"::1 - - [15/Aug/2022:20:51:09 +0000] \"POST /api/v1/user-login HTTP/1.1\" 500 68 \"-\" \"PostmanRuntime/7.29.2\"\n","timestamp":"2022-08-15T20:51:09.086Z"}
{"label":"TEMPORAL_PROJECT","level":"error","message":"ApiError - 500 - Oops, something broke on the server!!! - /api/v1/user-login - POST - ::1","timestamp":"2022-08-15T20:51:11.504Z"}
{"label":"TEMPORAL_PROJECT","level":"info","message":"::1 - - [15/Aug/2022:20:51:11 +0000] \"POST /api/v1/user-login HTTP/1.1\" 500 68 \"-\" \"PostmanRuntime/7.29.2\"\n","timestamp":"2022-08-15T20:51:11.511Z"}
{"label":"TEMPORAL_PROJECT","level":"error","message":"ApiError - 500 - Oops, something broke on the server!!! - /api/v1/user-login - POST - ::1","timestamp":"2022-08-15T20:52:35.465Z"}
{"label":"TEMPORAL_PROJECT","level":"info","message":"::1 - - [15/Aug/2022:20:52:35 +0000] \"POST /api/v1/user-login HTTP/1.1\" 500 68 \"-\" \"PostmanRuntime/7.29.2\"\n","timestamp":"2022-08-15T20:52:35.472Z"}
{"label":"TEMPORAL_PROJECT","level":"info","message":"TEMPORAL_PROJECT is running on PORT 8081","timestamp":"2022-08-15T20:53:33.153Z"}
{"label":"TEMPORAL_PROJECT","level":"error","message":"ApiError - 500 - Oops, something broke on the server!!! - /api/v1/user-login - POST - ::1","timestamp":"2022-08-15T20:53:43.556Z"}
{"label":"TEMPORAL_PROJECT","level":"info","message":"::1 - - [15/Aug/2022:20:53:43 +0000] \"POST /api/v1/user-login HTTP/1.1\" 500 68 \"-\" \"PostmanRuntime/7.29.2\"\n","timestamp":"2022-08-15T20:53:43.592Z"}
{"label":"TEMPORAL_PROJECT","level":"info","message":"TEMPORAL_PROJECT is running on PORT 8081","timestamp":"2022-08-15T20:56:03.360Z"}
{"label":"TEMPORAL_PROJECT","level":"info","message":"TEMPORAL_PROJECT is running on PORT 8081","timestamp":"2022-08-15T20:59:34.286Z"}
{"label":"TEMPORAL_PROJECT","level":"error","message":"ApiError - 500 - Oops, something broke on the server!!! - /api/v1/user-login - POST - ::1","timestamp":"2022-08-15T20:59:38.997Z"}
{"label":"TEMPORAL_PROJECT","level":"info","message":"::1 - - [15/Aug/2022:20:59:39 +0000] \"POST /api/v1/user-login HTTP/1.1\" 500 68 \"-\" \"PostmanRuntime/7.29.2\"\n","timestamp":"2022-08-15T20:59:39.009Z"}
{"label":"TEMPORAL_PROJECT","level":"error","message":"ApiError - 500 - Oops, something broke on the server!!! - /api/v1/user-login - POST - ::1","timestamp":"2022-08-15T20:59:41.349Z"}
{"label":"TEMPORAL_PROJECT","level":"info","message":"::1 - - [15/Aug/2022:20:59:41 +0000] \"POST /api/v1/user-login HTTP/1.1\" 500 68 \"-\" \"PostmanRuntime/7.29.2\"\n","timestamp":"2022-08-15T20:59:41.356Z"}
{"label":"TEMPORAL_PROJECT","level":"info","message":"TEMPORAL_PROJECT is running on PORT 8081","timestamp":"2022-08-15T21:00:10.679Z"}
{"label":"TEMPORAL_PROJECT","level":"error","message":"ApiError - 400 - \"emailAddress\" is required - /api/v1/user-signup - POST - ::1","timestamp":"2022-08-15T21:00:39.601Z"}
{"label":"TEMPORAL_PROJECT","level":"info","message":"::1 - - [15/Aug/2022:21:00:39 +0000] \"POST /api/v1/user-signup HTTP/1.1\" 400 58 \"-\" \"PostmanRuntime/7.29.2\"\n","timestamp":"2022-08-15T21:00:39.609Z"}
{"label":"TEMPORAL_PROJECT","level":"info","message":"::1 - - [15/Aug/2022:21:00:46 +0000] \"POST /api/v1/user-signup HTTP/1.1\" 400 96 \"-\" \"PostmanRuntime/7.29.2\"\n","timestamp":"2022-08-15T21:00:46.488Z"}
{"label":"TEMPORAL_PROJECT","level":"error","message":"ApiError - 500 - Oops, something broke on the server!!! - /api/v1/user-login - POST - ::1","timestamp":"2022-08-15T21:00:51.490Z"}
{"label":"TEMPORAL_PROJECT","level":"info","message":"::1 - - [15/Aug/2022:21:00:51 +0000] \"POST /api/v1/user-login HTTP/1.1\" 500 68 \"-\" \"PostmanRuntime/7.29.2\"\n","timestamp":"2022-08-15T21:00:51.500Z"}
{"label":"TEMPORAL_PROJECT","level":"info","message":"TEMPORAL_PROJECT is running on PORT 8081","timestamp":"2022-08-15T21:01:16.370Z"}
{"label":"TEMPORAL_PROJECT","level":"info","message":"TEMPORAL_PROJECT is running on PORT 8081","timestamp":"2022-08-15T21:01:23.108Z"}
{"label":"TEMPORAL_PROJECT","level":"info","message":"TEMPORAL_PROJECT is running on PORT 8081","timestamp":"2022-08-15T21:01:35.222Z"}
{"label":"TEMPORAL_PROJECT","level":"info","message":"TEMPORAL_PROJECT is running on PORT 8081","timestamp":"2022-08-15T21:01:53.239Z"}
{"label":"TEMPORAL_PROJECT","level":"info","message":"TEMPORAL_PROJECT is running on PORT 8081","timestamp":"2022-08-15T21:02:03.269Z"}
{"label":"TEMPORAL_PROJECT","level":"error","message":"ApiError - 500 - Oops, something broke on the server!!! - /api/v1/user-login - POST - ::1","timestamp":"2022-08-15T21:02:12.410Z"}
{"label":"TEMPORAL_PROJECT","level":"info","message":"::1 - - [15/Aug/2022:21:02:12 +0000] \"POST /api/v1/user-login HTTP/1.1\" 500 68 \"-\" \"PostmanRuntime/7.29.2\"\n","timestamp":"2022-08-15T21:02:12.434Z"}
{"label":"TEMPORAL_PROJECT","level":"error","message":"ApiError - 500 - Oops, something broke on the server!!! - /api/v1/user-login - POST - ::1","timestamp":"2022-08-15T21:02:23.360Z"}
{"label":"TEMPORAL_PROJECT","level":"info","message":"::1 - - [15/Aug/2022:21:02:23 +0000] \"POST /api/v1/user-login HTTP/1.1\" 500 68 \"-\" \"PostmanRuntime/7.29.2\"\n","timestamp":"2022-08-15T21:02:23.368Z"}
{"label":"TEMPORAL_PROJECT","level":"info","message":"TEMPORAL_PROJECT is running on PORT 8081","timestamp":"2022-08-15T21:03:18.943Z"}
{"label":"TEMPORAL_PROJECT","level":"info","message":"TEMPORAL_PROJECT is running on PORT 8081","timestamp":"2022-08-15T21:03:39.830Z"}
{"label":"TEMPORAL_PROJECT","level":"info","message":"TEMPORAL_PROJECT is running on PORT 8081","timestamp":"2022-08-15T21:09:38.376Z"}
{"label":"TEMPORAL_PROJECT","level":"error","message":"ApiError - 500 - Oops, something broke on the server!!! - /api/v1/user-login - POST - ::1","timestamp":"2022-08-15T21:09:48.684Z"}
{"label":"TEMPORAL_PROJECT","level":"info","message":"::1 - - [15/Aug/2022:21:09:48 +0000] \"POST /api/v1/user-login HTTP/1.1\" 500 68 \"-\" \"PostmanRuntime/7.29.2\"\n","timestamp":"2022-08-15T21:09:48.727Z"}
{"label":"TEMPORAL_PROJECT","level":"info","message":"::1 - - [15/Aug/2022:21:09:54 +0000] \"POST /api/v1/user-signup HTTP/1.1\" 400 96 \"-\" \"PostmanRuntime/7.29.2\"\n","timestamp":"2022-08-15T21:09:54.844Z"}
{"label":"TEMPORAL_PROJECT","level":"info","message":"::1 - - [15/Aug/2022:21:10:00 +0000] \"POST /api/v1/user-signup HTTP/1.1\" 201 355 \"-\" \"PostmanRuntime/7.29.2\"\n","timestamp":"2022-08-15T21:10:00.361Z"}
{"label":"TEMPORAL_PROJECT","level":"info","message":"::1 - - [15/Aug/2022:21:10:04 +0000] \"POST /api/v1/user-signup HTTP/1.1\" 400 96 \"-\" \"PostmanRuntime/7.29.2\"\n","timestamp":"2022-08-15T21:10:04.353Z"}
{"label":"TEMPORAL_PROJECT","level":"info","message":"TEMPORAL_PROJECT is running on PORT 8081","timestamp":"2022-08-15T21:10:34.193Z"}
{"label":"TEMPORAL_PROJECT","level":"error","message":"ApiError - 500 - Oops, something broke on the server!!! - /api/v1/user-login - POST - ::1","timestamp":"2022-08-15T21:10:38.274Z"}
{"label":"TEMPORAL_PROJECT","level":"info","message":"::1 - - [15/Aug/2022:21:10:38 +0000] \"POST /api/v1/user-login HTTP/1.1\" 500 68 \"-\" \"PostmanRuntime/7.29.2\"\n","timestamp":"2022-08-15T21:10:38.305Z"}
{"label":"TEMPORAL_PROJECT","level":"info","message":"TEMPORAL_PROJECT is running on PORT 8081","timestamp":"2022-08-15T21:10:57.304Z"}
{"label":"TEMPORAL_PROJECT","level":"info","message":"::1 - - [15/Aug/2022:21:11:01 +0000] \"POST /api/v1/user-login HTTP/1.1\" 200 48 \"-\" \"PostmanRuntime/7.29.2\"\n","timestamp":"2022-08-15T21:11:01.656Z"}
{"label":"TEMPORAL_PROJECT","level":"info","message":"TEMPORAL_PROJECT is running on PORT 8081","timestamp":"2022-08-15T21:11:39.918Z"}
{"label":"TEMPORAL_PROJECT","level":"info","message":"::1 - - [15/Aug/2022:21:15:53 +0000] \"POST /api/v1/user-signup HTTP/1.1\" 201 353 \"-\" \"PostmanRuntime/7.29.2\"\n","timestamp":"2022-08-15T21:15:53.886Z"}
{"label":"TEMPORAL_PROJECT","level":"info","message":"TEMPORAL_PROJECT is running on PORT 8081","timestamp":"2022-08-15T21:20:44.990Z"}
{"label":"TEMPORAL_PROJECT","level":"info","message":"::1 - - [15/Aug/2022:21:20:54 +0000] \"POST /api/v1/user-signup HTTP/1.1\" 201 392 \"-\" \"PostmanRuntime/7.29.2\"\n","timestamp":"2022-08-15T21:20:54.957Z"}
{"label":"TEMPORAL_PROJECT","level":"info","message":"::1 - - [15/Aug/2022:21:21:28 +0000] \"POST /api/v1/user-login HTTP/1.1\" 200 48 \"-\" \"PostmanRuntime/7.29.2\"\n","timestamp":"2022-08-15T21:21:28.174Z"}
{"label":"TEMPORAL_PROJECT","level":"info","message":"TEMPORAL_PROJECT is running on PORT 8081","timestamp":"2022-08-15T21:26:16.747Z"}
{"label":"TEMPORAL_PROJECT","level":"error","message":"ApiError - 500 - Oops, something broke on the server!!! - /api/v1/user-login - POST - ::1","timestamp":"2022-08-15T21:26:20.954Z"}
{"label":"TEMPORAL_PROJECT","level":"info","message":"::1 - - [15/Aug/2022:21:26:20 +0000] \"POST /api/v1/user-login HTTP/1.1\" 500 68 \"-\" \"PostmanRuntime/7.29.2\"\n","timestamp":"2022-08-15T21:26:20.988Z"}
{"label":"TEMPORAL_PROJECT","level":"info","message":"TEMPORAL_PROJECT is running on PORT 8081","timestamp":"2022-08-15T21:26:34.376Z"}
{"label":"TEMPORAL_PROJECT","level":"info","message":"::1 - - [15/Aug/2022:21:26:36 +0000] \"POST /api/v1/user-login HTTP/1.1\" 200 48 \"-\" \"PostmanRuntime/7.29.2\"\n","timestamp":"2022-08-15T21:26:36.894Z"}
{"label":"TEMPORAL_PROJECT","level":"info","message":"TEMPORAL_PROJECT is running on PORT 8081","timestamp":"2022-08-15T21:31:04.294Z"}
{"label":"TEMPORAL_PROJECT","level":"info","message":"TEMPORAL_PROJECT is running on PORT 8081","timestamp":"2022-08-15T21:31:21.950Z"}
{"label":"TEMPORAL_PROJECT","level":"info","message":"TEMPORAL_PROJECT is running on PORT 8081","timestamp":"2022-08-15T21:32:25.822Z"}
{"label":"TEMPORAL_PROJECT","level":"info","message":"TEMPORAL_PROJECT is running on PORT 8081","timestamp":"2022-08-15T21:37:16.351Z"}
{"label":"TEMPORAL_PROJECT","level":"info","message":"::1 - - [15/Aug/2022:21:37:32 +0000] \"POST /api/v1/user-login HTTP/1.1\" - - \"-\" \"PostmanRuntime/7.29.2\"\n","timestamp":"2022-08-15T21:37:32.287Z"}
{"label":"TEMPORAL_PROJECT","level":"info","message":"TEMPORAL_PROJECT is running on PORT 8081","timestamp":"2022-08-15T21:38:28.103Z"}
{"label":"TEMPORAL_PROJECT","level":"info","message":"::1 - - [15/Aug/2022:21:38:39 +0000] \"POST /api/v1/user-login HTTP/1.1\" - - \"-\" \"PostmanRuntime/7.29.2\"\n","timestamp":"2022-08-15T21:38:39.753Z"}
{"label":"TEMPORAL_PROJECT","level":"info","message":"::1 - - [15/Aug/2022:21:38:58 +0000] \"POST /api/v1/user-login HTTP/1.1\" - - \"-\" \"PostmanRuntime/7.29.2\"\n","timestamp":"2022-08-15T21:38:58.695Z"}
{"label":"TEMPORAL_PROJECT","level":"info","message":"TEMPORAL_PROJECT is running on PORT 8081","timestamp":"2022-08-15T21:39:11.862Z"}
{"label":"TEMPORAL_PROJECT","level":"info","message":"::1 - - [15/Aug/2022:21:39:22 +0000] \"POST /api/v1/user-login HTTP/1.1\" - - \"-\" \"PostmanRuntime/7.29.2\"\n","timestamp":"2022-08-15T21:39:22.500Z"}
{"label":"TEMPORAL_PROJECT","level":"info","message":"TEMPORAL_PROJECT is running on PORT 8081","timestamp":"2022-08-15T21:40:22.375Z"}
{"label":"TEMPORAL_PROJECT","level":"info","message":"TEMPORAL_PROJECT is running on PORT 8081","timestamp":"2022-08-15T21:40:53.612Z"}
{"label":"TEMPORAL_PROJECT","level":"info","message":"TEMPORAL_PROJECT is running on PORT 8081","timestamp":"2022-08-15T21:41:10.713Z"}
{"label":"TEMPORAL_PROJECT","level":"info","message":"TEMPORAL_PROJECT is running on PORT 8081","timestamp":"2022-08-15T21:41:46.282Z"}
{"label":"TEMPORAL_PROJECT","level":"info","message":"TEMPORAL_PROJECT is running on PORT 8081","timestamp":"2022-08-15T21:41:57.544Z"}
{"label":"TEMPORAL_PROJECT","level":"info","message":"TEMPORAL_PROJECT is running on PORT 8081","timestamp":"2022-08-15T21:42:09.975Z"}
{"label":"TEMPORAL_PROJECT","level":"info","message":"::1 - - [15/Aug/2022:21:42:44 +0000] \"POST /api/v1/user-login HTTP/1.1\" - - \"-\" \"PostmanRuntime/7.29.2\"\n","timestamp":"2022-08-15T21:42:44.397Z"}
{"label":"TEMPORAL_PROJECT","level":"info","message":"TEMPORAL_PROJECT is running on PORT 8081","timestamp":"2022-08-15T21:49:20.548Z"}
{"label":"TEMPORAL_PROJECT","level":"info","message":"TEMPORAL_PROJECT is running on PORT 8081","timestamp":"2022-08-15T21:49:36.978Z"}
{"label":"TEMPORAL_PROJECT","level":"info","message":"TEMPORAL_PROJECT is running on PORT 8081","timestamp":"2022-08-15T21:53:15.296Z"}
{"label":"TEMPORAL_PROJECT","level":"info","message":"::1 - - [15/Aug/2022:21:53:20 +0000] \"POST /api/v1/user-login HTTP/1.1\" 200 639 \"-\" \"PostmanRuntime/7.29.2\"\n","timestamp":"2022-08-15T21:53:20.727Z"}
{"label":"TEMPORAL_PROJECT","level":"info","message":"TEMPORAL_PROJECT is running on PORT 8081","timestamp":"2022-08-15T21:54:15.421Z"}
{"label":"TEMPORAL_PROJECT","level":"info","message":"::1 - - [15/Aug/2022:21:54:23 +0000] \"POST /api/v1/user-login HTTP/1.1\" 200 295 \"-\" \"PostmanRuntime/7.29.2\"\n","timestamp":"2022-08-15T21:54:23.620Z"}
{"label":"TEMPORAL_PROJECT","level":"info","message":"TEMPORAL_PROJECT is running on PORT 8081","timestamp":"2022-08-15T21:54:49.644Z"}
{"label":"TEMPORAL_PROJECT","level":"info","message":"TEMPORAL_PROJECT is running on PORT 8081","timestamp":"2022-08-15T22:01:22.113Z"}
{"label":"TEMPORAL_PROJECT","level":"info","message":"TEMPORAL_PROJECT is running on PORT 8081","timestamp":"2022-08-15T22:01:37.360Z"}
{"label":"TEMPORAL_PROJECT","level":"info","message":"TEMPORAL_PROJECT is running on PORT 8081","timestamp":"2022-08-15T22:01:45.166Z"}
{"label":"TEMPORAL_PROJECT","level":"info","message":"::1 - - [15/Aug/2022:22:02:15 +0000] \"POST /api/v1/user-login HTTP/1.1\" 200 401 \"-\" \"PostmanRuntime/7.29.2\"\n","timestamp":"2022-08-15T22:02:15.140Z"}
